<?xml version="1.0" encoding="UTF-8"?>
<!-- Generated by org.testng.reporters.JUnitXMLReporter -->
<testsuite hostname="Abdou-PC" name="Default test" tests="2" failures="0" timestamp="14 Jun 2020 17:58:42 GMT" time="95.057" errors="0">
  <testcase name="loginTest" time="0.854" classname="com.selenium.testCasesMethods.TestCasesMethodWithBeforAfterClass"/>
  <testcase name="getTitleTest" time="0.0" classname="com.selenium.testCasesMethods.TestCasesMethodWithBeforAfterClass"/>
</testsuite> <!-- Default test -->
