<?xml version="1.0" encoding="UTF-8"?>
<!-- Generated by org.testng.reporters.JUnitXMLReporter -->
<testsuite hostname="Abdou-PC" name=" Home Test" tests="1" failures="1" timestamp="13 Jun 2020 01:05:54 GMT" time="0.005" errors="0">
  <testcase name="checkButtonTest" time="0.003" classname="com.selenium.xml.HomePage">
    <failure type="java.lang.NullPointerException">
      <![CDATA[java.lang.NullPointerException
	at com.selenium.xml.HomePage.checkButtonTest(HomePage.java:38)
... Removed 24 stack frames]]>
    </failure>
  </testcase> <!-- checkButtonTest -->
</testsuite> <!--  Home Test -->
