<?xml version="1.0" encoding="UTF-8"?>
<!-- Generated by org.testng.reporters.JUnitXMLReporter -->
<testsuite hostname="Abdou-PC" name=" End to End" tests="3" failures="0" timestamp="14 Jun 2020 22:29:24 GMT" time="381.127" errors="0">
  <testcase name="loginTest" time="5.802" classname="com.selenium.xml.LoginPage"/>
  <testcase name="getUrlTest" time="0.021" classname="com.selenium.xml.HomePage"/>
  <testcase name="checkButtonTest" time="4.371" classname="com.selenium.xml.HomePage"/>
</testsuite> <!--  End to End -->
